<?xml version="1.0" encoding="utf-8"?><testsuites name="pytest tests"><testsuite name="pytest" errors="0" failures="0" skipped="0" tests="526" time="98.642" timestamp="2026-09-17T21:00:53.669654+09:00" hostname="DESKTOP-NUG076O"><testcase classname="tests.test_api" name="test_health_endpoint" time="0.687" /><testcase classname="tests.test_api" name="test_v03_evaluation_and_training_endpoints" time="0.414" /><testcase classname="tests.test_api" name="test_v04_comparison_and_human_persistence" time="0.388" /><testcase classname="tests.test_campus_ai_quality" name="test_local_judge_is_deterministic_and_has_all_axes" time="0.003" /><testcase classname="tests.test_campus_ai_quality" name="test_redundancy_and_unsupported_claim_detection" time="0.001" /><testcase classname="tests.test_campus_ai_quality" name="test_improver_rewrites_at_most_once_and_does_not_train" time="0.019" /><testcase classname="tests.test_campus_ai_quality" name="test_quality_evaluation_artifacts_and_review_filter" time="0.195" /><testcase classname="tests.test_campus_ai_quality" name="test_review_queue_adopt_revise_reject_and_memory" time="0.394" /><testcase classname="tests.test_campus_ai_quality" name="test_chat_quality_mode_is_opt_in" time="0.016" /><testcase classname="tests.test_campus_v1" name="test_campus_dataset_counts_schema_and_blind_independence" time="0.026" /><testcase classname="tests.test_campus_v1" name="test_campus_public_rag_keeps_only_source_attributed_records" time="0.007" /><testcase classname="tests.test_campus_v1" name="test_campus_gpa_and_required_score_are_deterministic" time="0.164" /><testcase classname="tests.test_campus_v1" name="test_campus_email_returns_copyable_complete_card" time="0.155" /><testcase classname="tests.test_campus_v1" name="test_campus_university_policy_never_guesses_without_official_record" time="0.161" /><testcase classname="tests.test_campus_v1" name="test_campus_session_continues_pending_study_plan" time="0.150" /><testcase classname="tests.test_campus_v1" name="test_campus_static_routes_return_instant_generation_compatible_metrics" time="0.150" /><testcase classname="tests.test_campus_v1" name="test_campus_model_route_streams_incremental_tokens_without_double_generation" time="0.150" /><testcase classname="tests.test_campus_v1" name="test_campus_api_keeps_chat_and_stream_contract" time="0.165" /><testcase classname="tests.test_campus_v1" name="test_campus_human_score_endpoint_persists_zero_to_five" time="0.009" /><testcase classname="tests.test_campus_v2" name="test_campus_v2_data_is_independent_and_balanced" time="0.001" /><testcase classname="tests.test_campus_v2" name="test_campus_v2_router_returns_hierarchy_top2_confidence_action_and_multi_intent" time="1.218" /><testcase classname="tests.test_campus_v2" name="test_campus_v2_low_confidence_clarifies_and_does_not_guess" time="1.231" /><testcase classname="tests.test_campus_v2" name="test_campus_v2_new_calculators_are_deterministic_and_university_neutral" time="0.001" /><testcase classname="tests.test_campus_v2" name="test_campus_v2_session_keeps_gpa_credit_deadline_and_tasks" time="0.001" /><testcase classname="tests.test_campus_v2" name="test_campus_validator_v2_rejects_policy_calculation_and_mixed_template" time="0.001" /><testcase classname="tests.test_campus_v2" name="test_campus_v2_human_endpoint_persists_five_axes" time="0.395" /><testcase classname="tests.test_campus_v21" name="test_campus_v21_data_boundaries_counts_and_real_distribution" time="0.006" /><testcase classname="tests.test_campus_v21" name="test_existing_adversarial_test_does_not_overlap_v21_training" time="0.018" /><testcase classname="tests.test_campus_v21" name="test_clarification_gate_uses_validation_only_and_meets_targets" time="0.002" /><testcase classname="tests.test_campus_v21" name="test_ambiguous_questions_clarify_but_short_clear_questions_route" time="1.904" /><testcase classname="tests.test_campus_v21" name="test_negation_contrast_parser_suppresses_negative_intent" time="1.703" /><testcase classname="tests.test_campus_v21" name="test_retrieval_independent_test_meets_targets_and_no_match_is_safe" time="0.040" /><testcase classname="tests.test_campus_v21" name="test_v21_benchmark_passes_automatic_gate_but_not_pending_human_gate" time="0.020" /><testcase classname="tests.test_campus_v21" name="test_campus_v21_human_endpoint_persists_five_axes" time="0.022" /><testcase classname="tests.test_campus_v21" name="test_v21_human_gate_is_pending_until_exactly_100_completed" time="0.002" /><testcase classname="tests.test_campus_v21" name="test_v21_human_gate_passes_and_compares_automated_only_after_100" time="0.002" /><testcase classname="tests.test_campus_v21" name="test_v21_human_gate_fails_thresholds_and_classifies_errors" time="0.002" /><testcase classname="tests.test_campus_v21" name="test_v21_partial_export_writes_required_json_and_markdown" time="0.010" /><testcase classname="tests.test_campus_v21_quick_eval" name="test_fixed_quick_selection_has_20_balanced_representative_questions" time="0.008" /><testcase classname="tests.test_campus_v21_quick_eval" name="test_quick_gate_rules_require_20_completed_items" time="0.001" /><testcase classname="tests.test_campus_v21_quick_eval" name="test_three_choice_save_and_reload_restores_progress" time="0.129" /><testcase classname="tests.test_campus_v21_quick_eval" name="test_bad_reason_is_optional_and_can_be_added_later" time="0.204" /><testcase classname="tests.test_campus_v21_quick_eval" name="test_20_of_20_completion_and_export" time="0.200" /><testcase classname="tests.test_campus_v21_quick_eval" name="test_quick_ui_has_keyboard_auto_advance_and_position_restore_contract" time="0.002" /><testcase classname="tests.test_campus_v21_rc" name="test_rc_manifest_freezes_answer_logic_checkpoint_and_tokenizer" time="0.036" /><testcase classname="tests.test_campus_v21_rc" name="test_human_100_is_balanced_unique_and_has_manual_comparison_schema" time="0.048" /><testcase classname="tests.test_campus_v21_rc" name="test_known_issue_queue_has_exact_frozen_rc_candidates" time="0.002" /><testcase classname="tests.test_campus_v21_rc" name="test_e2e_and_route_speed_results_are_complete" time="0.031" /><testcase classname="tests.test_campus_v21_rc" name="test_human_gate_stays_pending_without_invented_scores" time="0.002" /><testcase classname="tests.test_campus_v21_rc" name="test_known_issue_api_persists_only_human_review" time="0.009" /><testcase classname="tests.test_campus_v22" name="test_v22_knowledge_has_provenance_and_no_unknown_license" time="0.121" /><testcase classname="tests.test_campus_v22" name="test_university_records_require_exact_session_match" time="2.174" /><testcase classname="tests.test_campus_v22" name="test_v22_preserves_v21_tool_calculation_while_improving_explanation" time="5.500" /><testcase classname="tests.test_campus_v22" name="test_v22_grounded_answer_sources_modes_and_followup" time="4.007" /><testcase classname="tests.test_campus_v22" name="test_v22_benchmark_sizes_and_human_gate" time="0.087" /><testcase classname="tests.test_campus_v22" name="test_v22_report_keeps_human_gate_closed" time="0.016" /><testcase classname="tests.test_campus_v22_generalization" name="test_planner_selects_depth_and_keeps_plan_internal" time="3.700" /><testcase classname="tests.test_campus_v22_generalization" name="test_one_revision_enforces_depth_and_multi_intent_coverage" time="0.002" /><testcase classname="tests.test_campus_v22_generalization" name="test_session_memory_links_short_followup_without_persistence" time="0.001" /><testcase classname="tests.test_campus_v22_generalization" name="test_unknown_question_is_useful_and_tool_result_has_action_card" time="3.610" /><testcase classname="tests.test_campus_v22_generalization" name="test_knowledge_chunks_and_retrieval_strategies_have_provenance" time="2.019" /><testcase classname="tests.test_campus_v22_generalization" name="test_blind_and_stress_sets_are_fixed_holdouts" time="0.033" /><testcase classname="tests.test_campus_v22_generalization" name="test_human_judge_calibration_reaches_target_without_answer_keys" time="0.003" /><testcase classname="tests.test_campus_v22_generalization" name="test_generalization_evaluation_exports_are_complete_and_not_training_data" time="0.229" /><testcase classname="tests.test_campus_v23" name="test_v23_retrieval_is_two_stage_and_quality_scored" time="2.239" /><testcase classname="tests.test_campus_v23" name="test_query_rewriter_keeps_original_and_adds_safe_candidates" time="0.001" /><testcase classname="tests.test_campus_v23" name="test_all_v22_false_matches_and_conflicts_are_auditable" time="0.016" /><testcase classname="tests.test_campus_v23" name="test_completeness_planner_covers_every_multi_intent_requirement" time="5.413" /><testcase classname="tests.test_campus_v23" name="test_tool_veto_and_general_fix_remove_all_three_v22_critical_failures" time="0.199" /><testcase classname="tests.test_campus_v23" name="test_source_conflict_is_safe_specific_and_does_not_invoke_study_tool" time="0.064" /><testcase classname="tests.test_campus_v23" name="test_v23_toeic_tool_never_invents_default_time_or_fixed_ratios" time="0.001" /><testcase classname="tests.test_campus_v23" name="test_v23_toeic_fix_closes_the_preserved_three_item_review_queue" time="0.580" /><testcase classname="tests.test_campus_v23" name="test_v23_session_memory_is_in_memory_only" time="0.101" /><testcase classname="tests.test_campus_v23" name="test_v23_holdouts_are_fixed_balanced_and_never_training_data" time="0.028" /><testcase classname="tests.test_campus_v23" name="test_v23_final_evaluation_exports_are_complete_and_gate_is_mechanical" time="0.211" /><testcase classname="tests.test_checkpoint_paths" name="test_default_checkpoint_root_is_project_checkpoints" time="0.003" /><testcase classname="tests.test_checkpoint_paths" name="test_env_checkpoint_root_routes_new_checkpoints" time="0.012" /><testcase classname="tests.test_checkpoint_paths" name="test_relative_checkpoints_output_dir_routes_to_env_root" time="0.002" /><testcase classname="tests.test_checkpoint_paths" name="test_checkpoint_save_smoke_to_env_root" time="0.004" /><testcase classname="tests.test_checkpoint_paths" name="test_existing_checkpoint_prefers_external_but_preserves_local_fallback" time="0.005" /><testcase classname="tests.test_checkpoint_paths" name="test_existing_checkpoint_fallback_order_active_backup_local" time="0.006" /><testcase classname="tests.test_checkpoint_paths" name="test_candidate_checkpoint_paths_are_ordered_active_backup_local" time="0.003" /><testcase classname="tests.test_checkpoint_paths" name="test_load_existing_checkpoint_falls_back_when_active_is_unreadable" time="0.155" /><testcase classname="tests.test_checkpoint_paths" name="test_existing_checkpoint_absolute_paths_are_explicit" time="0.082" /><testcase classname="tests.test_checkpoint_paths" name="test_display_path_handles_external_checkpoint_root" time="0.004" /><testcase classname="tests.test_checkpoint_paths" name="test_unavailable_drive_fails_before_silent_c_fallback" time="0.002" /><testcase classname="tests.test_checkpoint_paths" name="test_normal_checkpoint_is_not_backed_up" time="0.004" /><testcase classname="tests.test_checkpoint_paths" name="test_important_checkpoint_atomic_backup_manifest_and_torch_load[best]" time="0.020" /><testcase classname="tests.test_checkpoint_paths" name="test_important_checkpoint_atomic_backup_manifest_and_torch_load[final]" time="0.017" /><testcase classname="tests.test_checkpoint_paths" name="test_important_checkpoint_atomic_backup_manifest_and_torch_load[gate]" time="0.020" /><testcase classname="tests.test_checkpoint_paths" name="test_important_checkpoint_atomic_backup_manifest_and_torch_load[important_resume]" time="0.021" /><testcase classname="tests.test_checkpoint_paths" name="test_important_checkpoint_atomic_backup_manifest_and_torch_load[explicit_important]" time="0.018" /><testcase classname="tests.test_checkpoint_paths" name="test_important_backup_reuses_verified_existing_copy" time="0.034" /><testcase classname="tests.test_checkpoint_paths" name="test_important_backup_detects_sha_mismatch_and_keeps_source" time="0.015" /><testcase classname="tests.test_checkpoint_paths" name="test_important_backup_low_space_is_skipped_and_keeps_source" time="0.007" /><testcase classname="tests.test_checkpoint_paths" name="test_important_backup_existing_partial_fails_and_keeps_source" time="0.013" /><testcase classname="tests.test_checkpoint_paths" name="test_important_backup_torch_load_failure_is_reported" time="0.017" /><testcase classname="tests.test_checkpoint_paths" name="test_important_backup_unavailable_backup_root_keeps_source" time="0.006" /><testcase classname="tests.test_checkpoint_paths" name="test_storage_preflight_checks_active_and_backup" time="0.014" /><testcase classname="tests.test_checkpoint_storage_policy" name="test_active_checkpoint_storage_policy" time="0.028" /><testcase classname="tests.test_checkpoint_storage_policy" name="test_legacy_checkpoint_storage_inventory" time="0.240" /><testcase classname="tests.test_cors_allowlist" name="test_defaults_and_bounded_exact_additions" time="0.001" /><testcase classname="tests.test_cors_allowlist" name="test_invalid_origin_fails_closed[*]" time="0.001" /><testcase classname="tests.test_cors_allowlist" name="test_invalid_origin_fails_closed[https://*.vercel.app]" time="0.001" /><testcase classname="tests.test_cors_allowlist" name="test_invalid_origin_fails_closed[https://ok.app/]" time="0.001" /><testcase classname="tests.test_cors_allowlist" name="test_invalid_origin_fails_closed[https://ok.app/path]" time="0.001" /><testcase classname="tests.test_cors_allowlist" name="test_invalid_origin_fails_closed[https://ok.app?]" time="0.001" /><testcase classname="tests.test_cors_allowlist" name="test_invalid_origin_fails_closed[https://ok.app#]" time="0.001" /><testcase classname="tests.test_cors_allowlist" name="test_invalid_origin_fails_closed[https://a:b@ok.app]" time="0.001" /><testcase classname="tests.test_cors_allowlist" name="test_invalid_origin_fails_closed[http://preview.vercel.app]" time="0.001" /><testcase classname="tests.test_cors_allowlist" name="test_invalid_origin_fails_closed[https://ok.app:99999]" time="0.001" /><testcase classname="tests.test_cors_allowlist" name="test_invalid_origin_fails_closed[https://ok.app,]" time="0.001" /><testcase classname="tests.test_cors_allowlist" name="test_invalid_origin_fails_closed[null]" time="0.001" /><testcase classname="tests.test_cors_allowlist" name="test_invalid_origin_fails_closed[https://UPPER.app]" time="0.001" /><testcase classname="tests.test_cors_allowlist" name="test_invalid_origin_fails_closed[https://bad\\.app]" time="0.001" /><testcase classname="tests.test_cors_allowlist" name="test_invalid_origin_fails_closed[https://ok.app:]" time="0.001" /><testcase classname="tests.test_cors_allowlist" name="test_exact_origin_preflight_not_suffix_or_wildcard" time="0.009" /><testcase classname="tests.test_foundation_v09" name="test_campus_and_production_baseline_files_are_frozen" time="0.007" /><testcase classname="tests.test_foundation_v09" name="test_language_campus_and_instruction_stages_are_separate_and_licensed" time="0.199" /><testcase classname="tests.test_foundation_v09" name="test_only_explicit_human_good_answers_are_approved" time="0.001" /><testcase classname="tests.test_foundation_v09" name="test_final_blind_1000_is_sealed_and_not_in_training" time="0.176" /><testcase classname="tests.test_foundation_v09" name="test_selected_standard_candidate_is_46m_vocab4096_context1024" time="0.539" /><testcase classname="tests.test_foundation_v09" name="test_tokenizer_and_all_context_candidates_were_measured" time="0.010" /><testcase classname="tests.test_foundation_v09" name="test_v09_is_never_a_production_or_deployment_target" time="0.001" /><testcase classname="tests.test_foundation_v09" name="test_generation_gate_accepts_japanese_and_rejects_empty_text" time="0.003" /><testcase classname="tests.test_foundation_v09" name="test_failed_100step_gate_prevents_all_longer_training" time="0.008" /><testcase classname="tests.test_foundation_v10" name="test_base_tokenizer_roundtrips_and_has_no_old_campus_phrase_tokens" time="0.017" /><testcase classname="tests.test_foundation_v10" name="test_dump_cleaner_removes_markup_and_reference_sections" time="0.002" /><testcase classname="tests.test_foundation_v10" name="test_corpus_is_large_split_and_contamination_safe" time="0.004" /><testcase classname="tests.test_foundation_v10" name="test_packed_dataset_reads_contiguous_next_token_blocks" time="0.003" /><testcase classname="tests.test_foundation_v10" name="test_tokenizer_comparison_uses_base_train_and_selects_4096" time="0.001" /><testcase classname="tests.test_foundation_v10" name="test_model_matrix_selects_20m_by_efficiency" time="0.002" /><testcase classname="tests.test_foundation_v10" name="test_selected_learning_curve_is_monotonic_but_base_gate_fails" time="0.012" /><testcase classname="tests.test_foundation_v10" name="test_curriculum_stays_separated_and_only_stage_a_runs" time="0.002" /><testcase classname="tests.test_foundation_v11" name="test_clean_corpus_quality_and_random_100_pass" time="0.003" /><testcase classname="tests.test_foundation_v11" name="test_clean_splits_are_unique_and_contamination_safe_without_final_blind" time="0.001" /><testcase classname="tests.test_foundation_v11" name="test_clean_tokenizer_and_special_tokens_pass" time="0.002" /><testcase classname="tests.test_foundation_v11" name="test_checkpoint_v2_integrity_and_resume_reproducibility_pass" time="1.296" /><testcase classname="tests.test_foundation_v11" name="test_dirty_checkpoint_is_deprecated_and_not_a_v11_resume_source" time="0.002" /><testcase classname="tests.test_foundation_v11" name="test_clean_100_loss_curve_is_healthy_and_bounded" time="0.002" /><testcase classname="tests.test_foundation_v11" name="test_dirty_clean_generation_uses_fixed_nonblind_completion_prompts" time="0.006" /><testcase classname="tests.test_foundation_v12_training_core" name="test_target_shift_is_exactly_one_token_for_ten_blocks" time="0.004" /><testcase classname="tests.test_foundation_v12_training_core" name="test_future_tokens_do_not_change_past_logits_and_cache_matches" time="0.133" /><testcase classname="tests.test_foundation_v12_training_core" name="test_cross_entropy_pad_eos_and_vocabulary_alignment" time="0.086" /><testcase classname="tests.test_foundation_v12_training_core" name="test_foundation_tokenizers_still_roundtrip_exactly" time="0.016" /><testcase classname="tests.test_foundation_v12_training_core" name="test_phase23_report_only_allows_lr_after_training_core_pass" time="0.005" /><testcase classname="tests.test_foundation_v12_training_core" name="test_tiny_overfit_and_eos_learning_gates_pass" time="0.003" /><testcase classname="tests.test_foundation_v12_training_core" name="test_lr_sweep_and_vocab_comparison_are_fixed_and_complete" time="0.003" /><testcase classname="tests.test_foundation_v12_training_core" name="test_gradient_weight_checkpoint_and_protection_gates_pass" time="0.003" /><testcase classname="tests.test_foundation_v13" name="test_v13_config_is_strictly_scratch_250_and_forbids_later_phases" time="0.001" /><testcase classname="tests.test_foundation_v13" name="test_v13_training_curve_has_all_required_metrics_and_is_scratch" time="0.001" /><testcase classname="tests.test_foundation_v13" name="test_all_v13_checkpoints_pass_integrity_and_match_sha256" time="4.137" /><testcase classname="tests.test_foundation_v13" name="test_v13_generation_uses_fixed_50_completion_prompts_without_penalty" time="0.027" /><testcase classname="tests.test_foundation_v13" name="test_v13_resume_roundtrip_and_summary_protection_pass" time="0.003" /><testcase classname="tests.test_foundation_v14" name="test_v14_config_is_scratch_equal_token_and_protected" time="0.001" /><testcase classname="tests.test_foundation_v14" name="test_macro_batches_use_the_exact_same_target_tokens_across_contexts" time="0.003" /><testcase classname="tests.test_foundation_v14" name="test_seeded_data_shuffle_and_schedules_are_deterministic" time="0.001" /><testcase classname="tests.test_foundation_v14" name="test_generation_evaluator_audit_rejects_old_false_positives" time="0.022" /><testcase classname="tests.test_foundation_v14" name="test_unigram_and_bigram_baselines_are_exact_on_toy_sequence" time="0.005" /><testcase classname="tests.test_foundation_v14" name="test_v14_core_experiments_finished_at_exactly_128k_with_valid_checkpoints" time="1.129" /><testcase classname="tests.test_foundation_v14" name="test_v14_batch_pilots_use_same_token_budget_and_expected_updates" time="0.006" /><testcase classname="tests.test_foundation_v14" name="test_v14_summary_has_all_diagnostics_and_protection" time="0.019" /><testcase classname="tests.test_foundation_v15_architecture" name="test_current_architecture_is_pre_layernorm_with_expected_dimensions" time="0.208" /><testcase classname="tests.test_foundation_v15_architecture" name="test_attention_matches_qk_over_sqrt_head_dim_and_key_softmax" time="0.005" /><testcase classname="tests.test_foundation_v15_architecture" name="test_residual_paths_are_exactly_attention_then_mlp_preln" time="0.004" /><testcase classname="tests.test_foundation_v15_architecture" name="test_learned_absolute_positions_are_zero_based_and_batch_shared" time="0.003" /><testcase classname="tests.test_foundation_v15_architecture" name="test_isolated_current_diagnostic_model_is_exactly_production_equivalent" time="0.010" /><testcase classname="tests.test_foundation_v15_architecture" name="test_rmsnorm_has_unit_rms_and_no_bias" time="0.003" /><testcase classname="tests.test_foundation_v15_architecture" name="test_synthetic_tasks_require_context_beyond_the_last_token" time="0.001" /><testcase classname="tests.test_foundation_v15_architecture" name="test_phase26_synthetic_gate_is_computed_from_every_task" time="0.004" /><testcase classname="tests.test_foundation_v15_architecture" name="test_diagnostic_checkpoint_strict_integrity_and_bitwise_resume" time="2.616" /><testcase classname="tests.test_foundation_v15_architecture" name="test_depth_width_ablations_stay_within_five_percent_parameter_budget" time="1.250" /><testcase classname="tests.test_foundation_v15_architecture" name="test_measured_context_sensitivity_changes_logits_beyond_bigram" time="0.010" /><testcase classname="tests.test_foundation_v15_architecture" name="test_bigram_audit_has_no_train_validation_leakage" time="0.004" /><testcase classname="tests.test_foundation_v15_architecture" name="test_controlled_corpus_is_isolated_short_clean_and_reloadable" time="0.003" /><testcase classname="tests.test_foundation_v16_architecture_fix" name="test_formal_candidate_uses_exact_sqrt_d_model_scale" time="0.006" /><testcase classname="tests.test_foundation_v16_architecture_fix" name="test_formula_a_scales_token_before_adding_unscaled_learned_position" time="0.005" /><testcase classname="tests.test_foundation_v16_architecture_fix" name="test_scaling_is_applied_once_and_never_in_tied_lm_head" time="0.010" /><testcase classname="tests.test_foundation_v16_architecture_fix" name="test_checkpoint_load_preserves_scale_semantics_without_mutating_weights" time="0.012" /><testcase classname="tests.test_foundation_v16_architecture_fix" name="test_unscaled_and_scaled_models_share_identical_parameter_initialization" time="0.011" /><testcase classname="tests.test_foundation_v16_architecture_fix" name="test_synthetic_v2_difficulties_are_context_dependent_and_fit_context" time="0.001" /><testcase classname="tests.test_foundation_v16_architecture_fix" name="test_synthetic_v2_seeded_train_and_test_examples_do_not_leak" time="0.003" /><testcase classname="tests.test_foundation_v16_architecture_fix" name="test_context_controls_destroy_or_remove_the_only_condition" time="0.001" /><testcase classname="tests.test_foundation_v16_architecture_fix" name="test_scaled_checkpoint_resume_is_reproducible" time="0.069" /><testcase classname="tests.test_foundation_v16_architecture_fix" name="test_three_seed_reproduction_artifacts_cover_activation_frequency_and_integrity" time="0.029" /><testcase classname="tests.test_foundation_v16_architecture_fix" name="test_synthetic_v2_artifacts_are_leak_free_sufficient_and_gate_is_computed" time="0.006" /><testcase classname="tests.test_foundation_v16_architecture_fix" name="test_short_japanese_diagnostic_is_isolated_and_strictly_reloadable" time="0.005" /><testcase classname="tests.test_foundation_v16_architecture_fix" name="test_architecture_fix_summary_stops_before_256k_when_any_gate_fails" time="0.003" /><testcase classname="tests.test_foundation_v17_isolation" name="test_matrix_has_only_four_isolated_configurations" time="0.001" /><testcase classname="tests.test_foundation_v17_isolation" name="test_balanced_position_scale_restores_effective_token_position_ratio" time="0.037" /><testcase classname="tests.test_foundation_v17_isolation" name="test_position_scale_is_applied_once_before_addition" time="0.005" /><testcase classname="tests.test_foundation_v17_isolation" name="test_depth_scaled_initialization_changes_only_residual_output_projections" time="0.009" /><testcase classname="tests.test_foundation_v17_isolation" name="test_final_norm_is_present_between_blocks_and_lm_head" time="0.012" /><testcase classname="tests.test_foundation_v17_isolation" name="test_position_embedding_receives_gradient_and_changes" time="0.012" /><testcase classname="tests.test_foundation_v17_isolation" name="test_position_task_answer_depends_on_queried_ordinal" time="0.001" /><testcase classname="tests.test_foundation_v17_isolation" name="test_residual_contribution_ratios_are_recorded_for_every_layer" time="0.012" /><testcase classname="tests.test_foundation_v17_isolation" name="test_phase28_synthetic_gate_requires_every_threshold" time="0.001" /><testcase classname="tests.test_foundation_v17_isolation" name="test_v17_checkpoint_resume_reproduces_continuous_training" time="0.070" /><testcase classname="tests.test_foundation_v17_isolation" name="test_completed_reproduction_artifacts_have_position_residual_norm_and_integrity" time="0.038" /><testcase classname="tests.test_foundation_v17_isolation" name="test_synthetic_v3_artifacts_are_leak_free_and_apply_strict_gate" time="0.011" /><testcase classname="tests.test_foundation_v17_isolation" name="test_depth_init_is_partial_fix_but_not_architecture_gate_pass" time="0.021" /><testcase classname="tests.test_foundation_v17_isolation" name="test_final_blind_is_hash_checked_without_opening_and_production_is_untouched" time="0.017" /><testcase classname="tests.test_foundation_v18_diagnostics" name="test_key_lookup_can_overfit_and_attention_report_has_required_fields[custom]" time="0.735" /><testcase classname="tests.test_foundation_v18_diagnostics" name="test_key_lookup_can_overfit_and_attention_report_has_required_fields[reference]" time="0.700" /><testcase classname="tests.test_foundation_v18_diagnostics" name="test_checkpoint_optimizer_resume_is_bit_reproducible[custom]" time="0.035" /><testcase classname="tests.test_foundation_v18_diagnostics" name="test_checkpoint_optimizer_resume_is_bit_reproducible[reference]" time="0.034" /><testcase classname="tests.test_foundation_v18_diagnostics" name="test_numeric_tokenizer_audit_and_atomic_synthetic_control" time="0.007" /><testcase classname="tests.test_foundation_v18_diagnostics" name="test_frequency_buckets_include_top_1_top_5_top_10_and_probability" time="0.024" /><testcase classname="tests.test_foundation_v18_reference" name="test_reference_uses_independent_torch_multihead_attention" time="0.005" /><testcase classname="tests.test_foundation_v18_reference" name="test_reference_parameter_count_matches_custom_exactly" time="0.008" /><testcase classname="tests.test_foundation_v18_reference" name="test_reference_causal_mask_prevents_future_influence" time="0.007" /><testcase classname="tests.test_foundation_v18_reference" name="test_reference_learned_positions_affect_representations" time="0.006" /><testcase classname="tests.test_foundation_v18_reference" name="test_reference_gradients_reach_position_qkv_and_residual_outputs" time="0.008" /><testcase classname="tests.test_foundation_v18_reference" name="test_reference_tiny_overfit_and_eos_sanity" time="0.216" /><testcase classname="tests.test_foundation_v19_benchmark" name="test_v3_is_causally_learnable_and_unambiguous[False-0]" time="0.001" /><testcase classname="tests.test_foundation_v19_benchmark" name="test_v3_is_causally_learnable_and_unambiguous[False-1]" time="0.001" /><testcase classname="tests.test_foundation_v19_benchmark" name="test_v3_is_causally_learnable_and_unambiguous[False-2]" time="0.001" /><testcase classname="tests.test_foundation_v19_benchmark" name="test_v3_is_causally_learnable_and_unambiguous[False-3]" time="0.001" /><testcase classname="tests.test_foundation_v19_benchmark" name="test_v3_is_causally_learnable_and_unambiguous[False-4]" time="0.001" /><testcase classname="tests.test_foundation_v19_benchmark" name="test_v3_is_causally_learnable_and_unambiguous[False-5]" time="0.001" /><testcase classname="tests.test_foundation_v19_benchmark" name="test_v3_is_causally_learnable_and_unambiguous[True-0]" time="0.001" /><testcase classname="tests.test_foundation_v19_benchmark" name="test_v3_is_causally_learnable_and_unambiguous[True-1]" time="0.001" /><testcase classname="tests.test_foundation_v19_benchmark" name="test_v3_is_causally_learnable_and_unambiguous[True-2]" time="0.001" /><testcase classname="tests.test_foundation_v19_benchmark" name="test_v3_is_causally_learnable_and_unambiguous[True-3]" time="0.001" /><testcase classname="tests.test_foundation_v19_benchmark" name="test_v3_is_causally_learnable_and_unambiguous[True-4]" time="0.001" /><testcase classname="tests.test_foundation_v19_benchmark" name="test_v3_is_causally_learnable_and_unambiguous[True-5]" time="0.001" /><testcase classname="tests.test_foundation_v19_benchmark" name="test_actual_chance_uses_unique_candidate_values[0]" time="0.001" /><testcase classname="tests.test_foundation_v19_benchmark" name="test_actual_chance_uses_unique_candidate_values[1]" time="0.001" /><testcase classname="tests.test_foundation_v19_benchmark" name="test_actual_chance_uses_unique_candidate_values[2]" time="0.001" /><testcase classname="tests.test_foundation_v19_benchmark" name="test_actual_chance_uses_unique_candidate_values[3]" time="0.001" /><testcase classname="tests.test_foundation_v19_benchmark" name="test_actual_chance_uses_unique_candidate_values[4]" time="0.001" /><testcase classname="tests.test_foundation_v19_benchmark" name="test_actual_chance_uses_unique_candidate_values[5]" time="0.001" /><testcase classname="tests.test_foundation_v19_benchmark" name="test_answer_only_and_all_token_masks_are_aligned_to_answer_marker" time="0.001" /><testcase classname="tests.test_foundation_v19_benchmark" name="test_counterfactual_changes_relation_and_target_together" time="0.001" /><testcase classname="tests.test_foundation_v19_benchmark" name="test_query_and_relation_ablations_change_only_intended_context" time="0.001" /><testcase classname="tests.test_foundation_v19_benchmark" name="test_dataset_is_deterministic_and_train_test_exact_disjoint" time="0.055" /><testcase classname="tests.test_foundation_v19_benchmark" name="test_seen_and_unseen_token_generalization_pools_are_disjoint" time="0.002" /><testcase classname="tests.test_foundation_v19_benchmark" name="test_unseen_token_pool_rejects_level_beyond_its_capacity" time="0.001" /><testcase classname="tests.test_foundation_v19_benchmark" name="test_vocabulary_stages_preserve_task_grammar_and_expand_token_pool" time="0.004" /><testcase classname="tests.test_foundation_v19_benchmark" name="test_tiny_reference_converges_on_minimal_fixed_relation_and_reloads_strictly" time="0.431" /><testcase classname="tests.test_foundation_v19_benchmark" name="test_zero_replay_does_not_consume_dataset_rng_state" time="0.001" /><testcase classname="tests.test_foundation_v19_numeric" name="test_numeric_audit_separates_symbolic_and_actual_tokenizer_tasks" time="0.008" /><testcase classname="tests.test_foundation_v20_curriculum" name="test_formal_reference_has_required_parameter_count_and_optimizer_settings" time="0.258" /><testcase classname="tests.test_foundation_v20_curriculum" name="test_controls_have_oracle_expected_semantics" time="0.001" /><testcase classname="tests.test_foundation_v20_curriculum" name="test_canonical_any_split_can_hold_out_exact_mapping_combinations" time="0.031" /><testcase classname="tests.test_foundation_v20_curriculum" name="test_sample_complexity_reports_only_observed_evaluation_points" time="0.001" /><testcase classname="tests.test_foundation_v20_curriculum" name="test_reference_first_gate_requires_both_standalone_and_sequential_pass" time="0.010" /><testcase classname="tests.test_foundation_v20_curriculum" name="test_resume_state_reproduces_next_update_exactly" time="0.046" /><testcase classname="tests.test_foundation_v20_oracle" name="test_independent_oracle_is_exact_for_every_level[0]" time="0.002" /><testcase classname="tests.test_foundation_v20_oracle" name="test_independent_oracle_is_exact_for_every_level[1]" time="0.003" /><testcase classname="tests.test_foundation_v20_oracle" name="test_independent_oracle_is_exact_for_every_level[2]" time="0.004" /><testcase classname="tests.test_foundation_v20_oracle" name="test_independent_oracle_is_exact_for_every_level[3]" time="0.005" /><testcase classname="tests.test_foundation_v20_oracle" name="test_independent_oracle_is_exact_for_every_level[4]" time="0.007" /><testcase classname="tests.test_foundation_v20_oracle" name="test_independent_oracle_is_exact_for_every_level[5]" time="0.011" /><testcase classname="tests.test_foundation_v20_oracle" name="test_oracle_does_not_use_generator_metadata" time="0.001" /><testcase classname="tests.test_foundation_v20_oracle" name="test_oracle_rejects_removed_relevant_relation" time="0.001" /><testcase classname="tests.test_foundation_v20_oracle" name="test_train_and_novel_mapping_partitions_are_disjoint[1]" time="0.014" /><testcase classname="tests.test_foundation_v20_oracle" name="test_train_and_novel_mapping_partitions_are_disjoint[2]" time="0.019" /><testcase classname="tests.test_foundation_v20_oracle" name="test_train_and_novel_mapping_partitions_are_disjoint[3]" time="0.026" /><testcase classname="tests.test_foundation_v20_oracle" name="test_train_and_novel_mapping_partitions_are_disjoint[4]" time="0.041" /><testcase classname="tests.test_foundation_v20_oracle" name="test_train_and_novel_mapping_partitions_are_disjoint[5]" time="0.069" /><testcase classname="tests.test_foundation_v20_oracle" name="test_v31_keeps_v3_pair_counts_and_marked_sequence_format" time="0.001" /><testcase classname="tests.test_foundation_v21_ab" name="test_phase32_config_is_exact_fair_256k_ab" time="0.006" /><testcase classname="tests.test_foundation_v21_ab" name="test_current_and_depth_have_equal_parameters_and_only_paired_init_differs" time="0.456" /><testcase classname="tests.test_foundation_v21_ab" name="test_paired_seed_shares_every_standardized_initial_draw" time="0.493" /><testcase classname="tests.test_foundation_v21_ab" name="test_optimizer_uses_required_betas_epsilon_and_decay_split" time="0.002" /><testcase classname="tests.test_foundation_v21_ab" name="test_language_metrics_have_frequency_punctuation_boundary_and_topk" time="0.369" /><testcase classname="tests.test_foundation_v21_ab" name="test_activation_summary_has_required_health_fields" time="0.325" /><testcase classname="tests.test_foundation_v21_ab" name="test_checkpoint_strict_reload_integrity_and_resume_step_are_reproducible" time="0.036" /><testcase classname="tests.test_foundation_v21_ab" name="test_training_refuses_more_than_256k_before_any_run" time="0.003" /><testcase classname="tests.test_foundation_v21_ab" name="test_final_blind_hash_matches_without_parsing_content" time="0.004" /><testcase classname="tests.test_foundation_v21_ab" name="test_fixed_relation_smoke_has_no_target_leak_and_completed_gate_passes" time="0.001" /><testcase classname="tests.test_foundation_v21_ab" name="test_completed_ab_summary_obeys_generation_regression_selection_rule" time="0.003" /><testcase classname="tests.test_foundation_v22_current" name="test_v22_current_configuration_is_the_selected_20m_architecture" time="0.002" /><testcase classname="tests.test_foundation_v22_current" name="test_v22_stateless_schedule_stays_constant_after_the_existing_warmup" time="0.001" /><testcase classname="tests.test_foundation_v22_current" name="test_v22_preflight_accepts_all_verified_v21_current_checkpoints" time="6.325" /><testcase classname="tests.test_foundation_v23_generation" name="test_training_inference_and_kv_cache_paths_match_directly" time="0.014" /><testcase classname="tests.test_foundation_v23_generation" name="test_completed_full_checkpoint_parity_audit_passes_all_seeds" time="0.001" /><testcase classname="tests.test_foundation_v23_generation" name="test_repetition_diagnostics_identify_loop_shape" time="0.001" /><testcase classname="tests.test_foundation_v23_generation" name="test_natural_japanese_evaluator_thresholds_are_explainable" time="0.669" /><testcase classname="tests.test_foundation_v23_generation" name="test_prefix_completion_uses_fixed_held_out_set_and_minimum_200_examples" time="1.945" /><testcase classname="tests.test_foundation_v23_generation" name="test_teacher_horizon_and_top10_candidate_metrics_improve_to_pilot" time="1.203" /><testcase classname="tests.test_foundation_v23_generation" name="test_boundary_eos_observation_and_pilot_checkpoint_integrity" time="0.635" /><testcase classname="tests.test_foundation_v24_pretraining" name="test_v24_configuration_keeps_current_architecture_and_exact_budget" time="0.007" /><testcase classname="tests.test_foundation_v24_pretraining" name="test_v24_resume_preflight_preserves_seed_specific_start_points" time="0.002" /><testcase classname="tests.test_foundation_v24_pretraining" name="test_all_three_v24_runs_have_the_fixed_learning_curve_and_new_outside_metrics" time="0.032" /><testcase classname="tests.test_foundation_v24_pretraining" name="test_v24_generation_diagnostics_keep_identical_held_out_prefixes" time="3.770" /><testcase classname="tests.test_foundation_v24_pretraining" name="test_v24_checkpoint_integrity_and_bitwise_resume_reproducibility_pass" time="0.006" /><testcase classname="tests.test_foundation_v24_pretraining" name="test_v24_frequency_punctuation_context_and_smoke_evidence_are_complete" time="0.006" /><testcase classname="tests.test_foundation_v24_pretraining" name="test_v24_final_gate_records_generation_lag_without_claiming_completion" time="0.004" /><testcase classname="tests.test_foundation_v25_pretraining" name="test_v25_keeps_current_architecture_and_exact_token_budget" time="0.002" /><testcase classname="tests.test_foundation_v25_pretraining" name="test_v25_preflight_resumes_every_seed_from_exactly_1024k" time="0.001" /><testcase classname="tests.test_foundation_v25_pretraining" name="test_v25_runs_include_all_fixed_milestones_and_outside_top_one_percent_metrics" time="0.039" /><testcase classname="tests.test_foundation_v25_pretraining" name="test_v25_generation_diagnostics_reuse_the_fixed_held_out_prefixes" time="3.328" /><testcase classname="tests.test_foundation_v25_pretraining" name="test_v25_checkpoint_integrity_and_bitwise_resume_reproducibility_pass" time="0.006" /><testcase classname="tests.test_foundation_v25_pretraining" name="test_v25_gate_records_learning_improvement_with_generation_lag" time="0.005" /><testcase classname="tests.test_foundation_v26_pretraining" name="test_v26_keeps_current_architecture_and_hard_5120k_cap" time="0.002" /><testcase classname="tests.test_foundation_v26_pretraining" name="test_v26_preflights_pass_before_each_resume_stage" time="0.002" /><testcase classname="tests.test_foundation_v26_pretraining" name="test_v26_intermediate_gate_authorized_the_5120k_continuation" time="0.001" /><testcase classname="tests.test_foundation_v26_pretraining" name="test_v26_runs_cover_the_fixed_checkpoints_for_all_seeds" time="0.050" /><testcase classname="tests.test_foundation_v26_pretraining" name="test_v26_generation_diagnostics_keep_fixed_validation_prefixes" time="4.621" /><testcase classname="tests.test_foundation_v26_pretraining" name="test_v26_final_evidence_keeps_base_incomplete_and_final_blind_closed" time="0.012" /><testcase classname="tests.test_foundation_v29_generation_diagnostic" name="test_loop_details_identifies_short_periods" time="0.001" /><testcase classname="tests.test_foundation_v29_generation_diagnostic" name="test_loop_type_and_recovery_classification" time="0.001" /><testcase classname="tests.test_foundation_v31_objective" name="test_negative_closes_repeated_trigram_and_excludes_truth" time="0.001" /><testcase classname="tests.test_foundation_v31_objective" name="test_unlikelihood_is_finite_and_zero_without_negatives" time="0.001" /><testcase classname="tests.test_foundation_v31_objective" name="test_eos_weighting_leaves_non_eos_contribution_unchanged" time="0.001" /><testcase classname="tests.test_foundation_v31_objective" name="test_repeated_fourgram_is_detected" time="0.001" /><testcase classname="tests.test_foundation_v31_objective" name="test_true_japanese_function_word_target_is_never_negative" time="0.001" /><testcase classname="tests.test_foundation_v31_objective" name="test_eos_and_repetition_losses_coexist_finitely" time="0.002" /><testcase classname="tests.test_foundation_v31_objective" name="test_worker_output_directories_do_not_collide" time="0.001" /><testcase classname="tests.test_foundation_v31_objective" name="test_ready_protocol_rejects_missing_marker" time="0.003" /><testcase classname="tests.test_foundation_v31_objective" name="test_arm_definitions_are_conservative_and_separable" time="0.001" /><testcase classname="tests.test_foundation_v32_maturity" name="test_scaling_classifies_slowing_but_healthy" time="0.001" /><testcase classname="tests.test_foundation_v32_maturity" name="test_attractor_uses_repetition_and_onset_not_runaway_alone" time="0.001" /><testcase classname="tests.test_foundation_v32_maturity" name="test_pilot_is_isolated_and_conservative" time="0.001" /><testcase classname="tests.test_foundation_v32_maturity" name="test_checkpoint_integrity_requires_full_resume_state" time="0.001" /><testcase classname="tests.test_foundation_v32_maturity" name="test_generation_comparison_has_requested_decoders" time="0.001" /><testcase classname="tests.test_foundation_v32_maturity" name="test_measured_decision_requires_short_gates_not_architecture_replacement" time="0.001" /><testcase classname="tests.test_foundation_v32_maturity" name="test_phase43_integrity_and_blind_guards_are_recorded" time="0.001" /><testcase classname="tests.test_foundation_v33_context_gate" name="test_context_positions_are_deterministic_regular_validation_targets" time="0.018" /><testcase classname="tests.test_foundation_v33_context_gate" name="test_small_context_delta_passes_pre_registered_threshold" time="0.002" /><testcase classname="tests.test_foundation_v33_context_gate" name="test_material_reproduced_context_delta_fails" time="0.002" /><testcase classname="tests.test_foundation_v33_context_gate" name="test_single_seed_anomaly_is_not_called_multiseed_regression_but_stops_gate" time="0.002" /><testcase classname="tests.test_foundation_v33_context_gate" name="test_gate_checkpoints_never_promote_phase43_pilot" time="0.031" /><testcase classname="tests.test_foundation_v33_context_gate" name="test_checkpoint_resume_state_guard" time="0.001" /><testcase classname="tests.test_foundation_v33_context_gate" name="test_phase44_final_classification_matches_recorded_evidence" time="0.002" /><testcase classname="tests.test_foundation_v34_lm_gate_review" name="test_deterministic_repeats_and_phase44_recomputation_match" time="0.002" /><testcase classname="tests.test_foundation_v34_lm_gate_review" name="test_rare_ce_probability_identity_and_distribution_resolution" time="0.003" /><testcase classname="tests.test_foundation_v34_lm_gate_review" name="test_existing_eos_recipe_control_supports_weight_1_5" time="0.001" /><testcase classname="tests.test_foundation_v34_lm_gate_review" name="test_gate2_failure_is_seed_local_not_global_plateau" time="0.002" /><testcase classname="tests.test_foundation_v34_lm_gate_review" name="test_thermal_reason_parser_and_recorded_classification" time="0.002" /><testcase classname="tests.test_foundation_v36_lr_review" name="test_rare_bucket_is_fixed_by_corpus_rank_not_predictions" time="0.001" /><testcase classname="tests.test_foundation_v36_lr_review" name="test_rare_percentile_and_occurrence_weighted_ce" time="0.001" /><testcase classname="tests.test_foundation_v36_lr_review" name="test_lr_arm_paths_cannot_collide_or_overwrite_formal" time="0.047" /><testcase classname="tests.test_foundation_v36_lr_review" name="test_lr_review_new_checkpoints_route_to_env_root" time="0.003" /><testcase classname="tests.test_foundation_v36_lr_review" name="test_lr_review_existing_experimental_checkpoint_falls_back_to_local" time="0.024" /><testcase classname="tests.test_foundation_v36_lr_review" name="test_lr_change_preserves_adam_moments_steps_and_other_groups" time="0.002" /><testcase classname="tests.test_foundation_v36_lr_review" name="test_frequency_classification_separates_seed_local_and_broad" time="0.001" /><testcase classname="tests.test_foundation_v36_lr_review" name="test_concentration_rejects_changed_rare_population" time="0.001" /><testcase classname="tests.test_foundation_v36_lr_review" name="test_candidate_lower_loss_cannot_override_rare_regression" time="0.003" /><testcase classname="tests.test_foundation_v36_lr_review" name="test_improved_rare_ce_does_not_hide_median_collapse" time="0.001" /><testcase classname="tests.test_foundation_v37_stability" name="test_counts_are_targets_not_inputs_and_cumulative_windows_add" time="0.001" /><testcase classname="tests.test_foundation_v37_stability" name="test_exposure_buckets_partition_fixed_token_population" time="0.001" /><testcase classname="tests.test_foundation_v37_stability" name="test_spearman_ties_monotonicity_and_constant_input" time="0.001" /><testcase classname="tests.test_foundation_v37_stability" name="test_existing_four_experiments_are_reused_and_new_outputs_isolated" time="0.057" /><testcase classname="tests.test_foundation_v37_stability" name="test_phase48_new_checkpoints_route_to_env_root" time="0.008" /><testcase classname="tests.test_foundation_v37_stability" name="test_paired_exposure_refuses_population_change" time="0.001" /><testcase classname="tests.test_foundation_v37_stability" name="test_lr_winner_requires_paired_rare_and_lm_evidence" time="0.001" /><testcase classname="tests.test_foundation_v37_stability" name="test_cumulative_comparison_uses_own_256k_control" time="0.001" /><testcase classname="tests.test_foundation_v38_gate" name="test_core_membership_only_uses_frequency_and_support" time="0.001" /><testcase classname="tests.test_foundation_v38_gate" name="test_document_bootstrap_keeps_clusters_together" time="0.001" /><testcase classname="tests.test_foundation_v38_gate" name="test_ci_is_paired_not_difference_of_independent_intervals" time="0.001" /><testcase classname="tests.test_foundation_v38_gate" name="test_wide_ci_containing_zero_cannot_approve" time="0.001" /><testcase classname="tests.test_foundation_v38_gate" name="test_two_tail_documents_are_insufficient_for_approval" time="0.001" /><testcase classname="tests.test_foundation_v38_gate" name="test_candidate_lineage_is_isolated_and_token_capped" time="0.001" /><testcase classname="tests.test_foundation_v38_gate" name="test_phase49_new_checkpoints_route_to_env_root" time="0.003" /><testcase classname="tests.test_foundation_v39_gate" name="test_supported_tail_is_disjoint_low_occurrence_and_independent" time="0.001" /><testcase classname="tests.test_foundation_v39_gate" name="test_supported_selection_has_no_checkpoint_input" time="0.001" /><testcase classname="tests.test_foundation_v39_gate" name="test_formal_support_does_not_use_legacy[30-300-True]" time="0.001" /><testcase classname="tests.test_foundation_v39_gate" name="test_formal_support_does_not_use_legacy[29-300-False]" time="0.001" /><testcase classname="tests.test_foundation_v39_gate" name="test_formal_support_does_not_use_legacy[30-299-False]" time="0.001" /><testcase classname="tests.test_foundation_v39_gate" name="test_formal_support_does_not_use_legacy[141-1528-True]" time="0.001" /><testcase classname="tests.test_foundation_v39_gate" name="test_cluster_ci_uses_documents_not_positions_as_independent_units" time="0.001" /><testcase classname="tests.test_foundation_v39_gate" name="test_all_metric_intervals_have_exact_constant_population_bounds" time="0.078" /><testcase classname="tests.test_foundation_v39_gate" name="test_phase50_reference_uses_env_and_preserves_noncheckpoint_paths" time="0.011" /><testcase classname="tests.test_foundation_v40_diagnostic" name="test_cluster_bootstrap_pairs_documents_not_occurrences" time="0.002" /><testcase classname="tests.test_foundation_v40_diagnostic" name="test_artifact_writer_never_overwrites" time="0.004" /><testcase classname="tests.test_foundation_v40_diagnostic" name="test_preregistered_population_and_training_prohibition" time="0.008" /><testcase classname="tests.test_foundation_v41_audit" name="test_confirmatory_never_rebrands_used_or_uncertain_data" time="0.003" /><testcase classname="tests.test_foundation_v41_audit" name="test_blind_hash_only_and_attractor_no_causal_promotion" time="0.019" /><testcase classname="tests.test_foundation_v42_generation" name="test_track_c_isolated_and_frozen_grid_has_no_safe_candidate" time="0.006" /><testcase classname="tests.test_foundation_v42_generation" name="test_greedy_reproduces_and_stop_replay_is_not_eos_safe" time="0.004" /><testcase classname="tests.test_foundation_v42_generation" name="test_track_c_does_not_change_lr_or_training_permissions" time="0.002" /><testcase classname="tests.test_foundation_v42_holdout" name="test_fresh_gate_keeps_minimum_and_unconsumed_reserve" time="0.002" /><testcase classname="tests.test_foundation_v42_holdout" name="test_provenance_post_cutoff_hashes_and_identity_unique" time="0.006" /><testcase classname="tests.test_foundation_v42_holdout" name="test_final_blind_not_parsed_and_no_fabricated_confirmation" time="0.003" /><testcase classname="tests.test_foundation_v42_holdout" name="test_stop_replay_rule_is_fixed_bounded_and_not_fabricated_eos" time="0.001" /><testcase classname="tests.test_foundation_v43_gate" name="test_supplemental_is_unqualified_despite_quantity" time="0.002" /><testcase classname="tests.test_foundation_v43_gate" name="test_no_confirmatory_or_lr_approval_without_leakage_clearance" time="0.002" /><testcase classname="tests.test_foundation_v43_gate" name="test_fix_design_cannot_authorize_training_or_recycle_failed_auxiliary" time="0.001" /><testcase classname="tests.test_foundation_v44" name="test_fingerprint_deterministic_nonplaintext" time="0.001" /><testcase classname="tests.test_foundation_v44" name="test_small_fingerprints_exact_jaccard" time="0.001" /><testcase classname="tests.test_foundation_v44" name="test_ci_equal_document_not_token_weighted" time="0.004" /><testcase classname="tests.test_foundation_v44" name="test_normalization_and_fixed_ngrams" time="0.001" /><testcase classname="tests.test_foundation_v45_objective" name="test_normal_reference_repetition_has_zero_penalty[math]" time="0.001" /><testcase classname="tests.test_foundation_v45_objective" name="test_normal_reference_repetition_has_zero_penalty[code]" time="0.001" /><testcase classname="tests.test_foundation_v45_objective" name="test_normal_reference_repetition_has_zero_penalty[lists]" time="0.001" /><testcase classname="tests.test_foundation_v45_objective" name="test_normal_reference_repetition_has_zero_penalty[definitions]" time="0.001" /><testcase classname="tests.test_foundation_v45_objective" name="test_normal_reference_repetition_has_zero_penalty[terminology]" time="0.001" /><testcase classname="tests.test_foundation_v45_objective" name="test_pathological_generated_cycle_penalized_and_gradient_direction" time="0.002" /><testcase classname="tests.test_foundation_v45_objective" name="test_normal_long_math_or_code_repetition_vetoed_even_if_offset" time="0.001" /><testcase classname="tests.test_foundation_v45_objective" name="test_no_penalty_for_specials_short_cycles_or_unscored_reference" time="0.001" /><testcase classname="tests.test_foundation_v45_observatory" name="test_observer_does_not_change_logits_or_state" time="0.011" /><testcase classname="tests.test_foundation_v45_observatory" name="test_cosine_and_repeat_onsets" time="0.001" /><testcase classname="tests.test_foundation_v45_observatory" name="test_normal_references_preserve_intended_repetitions" time="0.001" /><testcase classname="tests.test_gpu_migration" name="test_device_selection_supports_cpu_auto_and_rejects_unavailable_cuda" time="0.001" /><testcase classname="tests.test_gpu_migration" name="test_phase39_target_and_resume_points_are_gate_locked" time="6.432" /><testcase classname="tests.test_gpu_migration" name="test_optimizer_state_migrates_to_cuda" time="0.015" /><testcase classname="tests.test_gpu_migration" name="test_legacy_cpu_rng_is_backward_compatible_with_cuda" time="0.001" /><testcase classname="tests.test_gpu_migration" name="test_cpu_checkpoint_loads_on_gpu_and_gpu_checkpoint_loads_on_cpu" time="0.741" /><testcase classname="tests.test_gpu_migration" name="test_cpu_gpu_numerical_and_one_step_parity" time="0.026" /><testcase classname="tests.test_inference" name="test_generation_runs" time="0.004" /><testcase classname="tests.test_mediawiki_cleaner_v11" name="test_clean_mediawiki_cases[[[\u4eba\u5de5\u77e5\u80fd]]-\u4eba\u5de5\u77e5\u80fd]" time="0.001" /><testcase classname="tests.test_mediawiki_cleaner_v11" name="test_clean_mediawiki_cases[[[\u4eba\u5de5\u77e5\u80fd|AI]]-AI]" time="0.001" /><testcase classname="tests.test_mediawiki_cleaner_v11" name="test_clean_mediawiki_cases[[[\u6771\u4eac\u5927\u5b66|\u6771\u5927]]-\u6771\u5927]" time="0.001" /><testcase classname="tests.test_mediawiki_cleaner_v11" name="test_clean_mediawiki_cases[\u524d[[\u6771\u4eac]]\u5f8c-\u524d\u6771\u4eac\u5f8c]" time="0.001" /><testcase classname="tests.test_mediawiki_cleaner_v11" name="test_clean_mediawiki_cases[[[\u6771\u4eac#\u6b74\u53f2]]-\u6771\u4eac]" time="0.001" /><testcase classname="tests.test_mediawiki_cleaner_v11" name="test_clean_mediawiki_cases[[[A|B [[C|D]] E]]-B D E]" time="0.001" /><testcase classname="tests.test_mediawiki_cleaner_v11" name="test_clean_mediawiki_cases[[[A|[[B|\u8868\u793a]]]]-\u8868\u793a]" time="0.001" /><testcase classname="tests.test_mediawiki_cleaner_v11" name="test_clean_mediawiki_cases[[[A|\u4e00|\u4e8c]]-\u4e8c]" time="0.001" /><testcase classname="tests.test_mediawiki_cleaner_v11" name="test_clean_mediawiki_cases[[[A B]]-A B]" time="0.001" /><testcase classname="tests.test_mediawiki_cleaner_v11" name="test_clean_mediawiki_cases[[[A|\u65e5\u672c\u8a9e\u3002]]-\u65e5\u672c\u8a9e\u3002]" time="0.001" /><testcase classname="tests.test_mediawiki_cleaner_v11" name="test_clean_mediawiki_cases[[[File:x.jpg|thumb|\u8aac\u660e]]\u672c\u6587-\u672c\u6587]" time="0.001" /><testcase classname="tests.test_mediawiki_cleaner_v11" name="test_clean_mediawiki_cases[[[Image:x.png|\u8aac\u660e [[\u6771\u4eac]]]]\u672c\u6587-\u672c\u6587]" time="0.001" /><testcase classname="tests.test_mediawiki_cleaner_v11" name="test_clean_mediawiki_cases[[[\u30d5\u30a1\u30a4\u30eb:x.svg|thumb|[[\u6570\u5b66]]\u306e\u56f3]]\u672c\u6587-\u672c\u6587]" time="0.001" /><testcase classname="tests.test_mediawiki_cleaner_v11" name="test_clean_mediawiki_cases[[[\u753b\u50cf:x.jpg|\u8aac\u660e]]-]" time="0.001" /><testcase classname="tests.test_mediawiki_cleaner_v11" name="test_clean_mediawiki_cases[[[:Category:\u6570\u5b66]]\u672c\u6587-\u672c\u6587]" time="0.001" /><testcase classname="tests.test_mediawiki_cleaner_v11" name="test_clean_mediawiki_cases[[[\u30ab\u30c6\u30b4\u30ea:\u6570\u5b66]]\u672c\u6587-\u672c\u6587]" time="0.001" /><testcase classname="tests.test_mediawiki_cleaner_v11" name="test_clean_mediawiki_cases[[[en:Tokyo]]\u6771\u4eac-\u6771\u4eac]" time="0.001" /><testcase classname="tests.test_mediawiki_cleaner_v11" name="test_clean_mediawiki_cases[[[de:Japan|Japan]]\u65e5\u672c-\u65e5\u672c]" time="0.001" /><testcase classname="tests.test_mediawiki_cleaner_v11" name="test_clean_mediawiki_cases[[[Portal:\u79d1\u5b66]]\u79d1\u5b66-\u79d1\u5b66]" time="0.001" /><testcase classname="tests.test_mediawiki_cleaner_v11" name="test_clean_mediawiki_cases[[[Help:\u76ee\u6b21]]\u672c\u6587-\u672c\u6587]" time="0.001" /><testcase classname="tests.test_mediawiki_cleaner_v11" name="test_clean_mediawiki_cases[{{A}}\u672c\u6587-\u672c\u6587]" time="0.001" /><testcase classname="tests.test_mediawiki_cleaner_v11" name="test_clean_mediawiki_cases[{{A|{{B|\u5024}}}}\u672c\u6587-\u672c\u6587]" time="0.001" /><testcase classname="tests.test_mediawiki_cleaner_v11" name="test_clean_mediawiki_cases[\u524d{{A|x={{B}}}}\u5f8c-\u524d\u5f8c]" time="0.001" /><testcase classname="tests.test_mediawiki_cleaner_v11" name="test_clean_mediawiki_cases[{{Infobox\n|a=b\n}}\u672c\u6587-\u672c\u6587]" time="0.001" /><testcase classname="tests.test_mediawiki_cleaner_v11" name="test_clean_mediawiki_cases[\u672c\u6587{{lang|ja|\u65e5\u672c\u8a9e}}\u3067\u3059-\u672c\u6587\u3067\u3059]" time="0.001" /><testcase classname="tests.test_mediawiki_cleaner_v11" name="test_clean_mediawiki_cases[&lt;ref&gt;\u51fa\u5178&lt;/ref&gt;\u672c\u6587-\u672c\u6587]" time="0.001" /><testcase classname="tests.test_mediawiki_cleaner_v11" name="test_clean_mediawiki_cases[&lt;ref name='a'&gt;\u51fa\u5178&lt;/ref&gt;\u672c\u6587-\u672c\u6587]" time="0.001" /><testcase classname="tests.test_mediawiki_cleaner_v11" name="test_clean_mediawiki_cases[&lt;ref name='a' /&gt;\u672c\u6587-\u672c\u6587]" time="0.001" /><testcase classname="tests.test_mediawiki_cleaner_v11" name="test_clean_mediawiki_cases[\u672c\u6587&lt;references /&gt;-\u672c\u6587]" time="0.001" /><testcase classname="tests.test_mediawiki_cleaner_v11" name="test_clean_mediawiki_cases[\u672c\u6587&lt;ref&gt;[[\u51fa\u5178]] {{cite}}&lt;/ref&gt;\u5f8c-\u672c\u6587\u5f8c]" time="0.001" /><testcase classname="tests.test_mediawiki_cleaner_v11" name="test_clean_mediawiki_cases[&lt;b&gt;\u592a\u5b57&lt;/b&gt;-\u592a\u5b57]" time="0.001" /><testcase classname="tests.test_mediawiki_cleaner_v11" name="test_clean_mediawiki_cases[&lt;div&gt;\u672c\u6587&lt;/div&gt;-\u672c\u6587]" time="0.001" /><testcase classname="tests.test_mediawiki_cleaner_v11" name="test_clean_mediawiki_cases[\u672c\u6587&lt;br /&gt;\u6b21-\u672c\u6587\n\u6b21]" time="0.001" /><testcase classname="tests.test_mediawiki_cleaner_v11" name="test_clean_mediawiki_cases[&lt;!-- \u30b3\u30e1\u30f3\u30c8 --&gt;\u672c\u6587-\u672c\u6587]" time="0.001" /><testcase classname="tests.test_mediawiki_cleaner_v11" name="test_clean_mediawiki_cases[&lt;script&gt;alert(1)&lt;/script&gt;\u672c\u6587-\u672c\u6587]" time="0.001" /><testcase classname="tests.test_mediawiki_cleaner_v11" name="test_clean_mediawiki_cases[&lt;style&gt;.x{}&lt;/style&gt;\u672c\u6587-\u672c\u6587]" time="0.001" /><testcase classname="tests.test_mediawiki_cleaner_v11" name="test_clean_mediawiki_cases[&lt;gallery&gt;File:x.jpg|\u8aac\u660e&lt;/gallery&gt;\u672c\u6587-\u672c\u6587]" time="0.001" /><testcase classname="tests.test_mediawiki_cleaner_v11" name="test_clean_mediawiki_cases[&lt;span lang='ja'&gt;\u65e5\u672c\u8a9e&lt;/span&gt;-\u65e5\u672c\u8a9e]" time="0.001" /><testcase classname="tests.test_mediawiki_cleaner_v11" name="test_clean_mediawiki_cases[A &amp;amp; B-A &amp; B]" time="0.001" /><testcase classname="tests.test_mediawiki_cleaner_v11" name="test_clean_mediawiki_cases[{| class='wikitable'\n|a\n|}\u672c\u6587-\u672c\u6587]" time="0.001" /><testcase classname="tests.test_mediawiki_cleaner_v11" name="test_clean_mediawiki_cases[\u524d{|\n| {{A}}\n{|\n|b\n|}\n|}\u5f8c-\u524d\u5f8c]" time="0.001" /><testcase classname="tests.test_mediawiki_cleaner_v11" name="test_clean_mediawiki_cases[{|\n|-\n|+\u984c\n|a||b\n|}-]" time="0.001" /><testcase classname="tests.test_mediawiki_cleaner_v11" name="test_clean_mediawiki_cases[\u672c\u6587\n{|\n|a\n|}\n\u6b21-\u672c\u6587\n\n\u6b21]" time="0.001" /><testcase classname="tests.test_mediawiki_cleaner_v11" name="test_clean_mediawiki_cases[[https://example.com \u8868\u793a]\u672c\u6587-\u8868\u793a\u672c\u6587]" time="0.001" /><testcase classname="tests.test_mediawiki_cleaner_v11" name="test_clean_mediawiki_cases[[https://example.com]\u672c\u6587-\u672c\u6587]" time="0.001" /><testcase classname="tests.test_mediawiki_cleaner_v11" name="test_clean_mediawiki_cases[https://example.com \u672c\u6587-\u672c\u6587]" time="0.001" /><testcase classname="tests.test_mediawiki_cleaner_v11" name="test_clean_mediawiki_cases['''\u592a\u5b57'''\u3068''\u659c\u4f53''-\u592a\u5b57\u3068\u659c\u4f53]" time="0.001" /><testcase classname="tests.test_mediawiki_cleaner_v11" name="test_clean_mediawiki_cases[__TOC__\u672c\u6587-\u672c\u6587]" time="0.001" /><testcase classname="tests.test_mediawiki_cleaner_v11" name="test_clean_mediawiki_cases[__NOTOC__\u672c\u6587-\u672c\u6587]" time="0.001" /><testcase classname="tests.test_mediawiki_cleaner_v11" name="test_clean_mediawiki_cases[\u65e5\u672c\u8a9e\u306e\u300c\u62ec\u5f27\u300d\u3068\u3010\u8a18\u53f7\u3011\u306f\u4fdd\u6301\u3059\u308b\u3002-\u65e5\u672c\u8a9e\u306e\u300c\u62ec\u5f27\u300d\u3068\u3010\u8a18\u53f7\u3011\u306f\u4fdd\u6301\u3059\u308b\u3002]" time="0.001" /><testcase classname="tests.test_mediawiki_cleaner_v11" name="test_clean_mediawiki_cases[\u914d\u5217array[i]\u3068\u8f9e\u66f8map[key]\u3092\u4f7f\u3046\u3002-\u914d\u5217array[i]\u3068\u8f9e\u66f8map[key]\u3092\u4f7f\u3046\u3002]" time="0.001" /><testcase classname="tests.test_mediawiki_cleaner_v11" name="test_clean_mediawiki_cases[1 &lt; 2 \u3067\u3042\u308a\u30013 &gt; 2 \u3067\u3042\u308b\u3002-1 &lt; 2 \u3067\u3042\u308a\u30013 &gt; 2 \u3067\u3042\u308b\u3002]" time="0.001" /><testcase classname="tests.test_mediawiki_cleaner_v11" name="test_clean_mediawiki_cases[C++\u3068C#\u306f\u30d7\u30ed\u30b0\u30e9\u30df\u30f3\u30b0\u8a00\u8a9e\u3067\u3042\u308b\u3002-C++\u3068C#\u306f\u30d7\u30ed\u30b0\u30e9\u30df\u30f3\u30b0\u8a00\u8a9e\u3067\u3042\u308b\u3002]" time="0.001" /><testcase classname="tests.test_mediawiki_cleaner_v11" name="test_clean_mediawiki_cases[\u30e1\u30fc\u30eb\u306fa@example.com\u3078\u9001\u308b\u3002-\u30e1\u30fc\u30eb\u306fa@example.com\u3078\u9001\u308b\u3002]" time="0.001" /><testcase classname="tests.test_mediawiki_cleaner_v11" name="test_clean_mediawiki_cases[\u6539\u884c\u3092\u4fdd\u6301\u3059\u308b\u3002\n\n\u6b21\u306e\u6bb5\u843d\u3002-\u6539\u884c\u3092\u4fdd\u6301\u3059\u308b\u3002\n\n\u6b21\u306e\u6bb5\u843d\u3002]" time="0.001" /><testcase classname="tests.test_mediawiki_cleaner_v11" name="test_clean_mediawiki_cases[\u5168\u89d2\u3000\u7a7a\u767d\u3092\u6574\u3048\u308b\u3002-\u5168\u89d2 \u7a7a\u767d\u3092\u6574\u3048\u308b\u3002]" time="0.001" /><testcase classname="tests.test_mediawiki_cleaner_v11" name="test_clean_mediawiki_cases[\u9023\u7d9a   \u7a7a\u767d\u3092\u6574\u3048\u308b\u3002-\u9023\u7d9a \u7a7a\u767d\u3092\u6574\u3048\u308b\u3002]" time="0.001" /><testcase classname="tests.test_mediawiki_cleaner_v11" name="test_clean_mediawiki_cases[[[\u65e5\u672c|\u65e5\u672c\u56fd]]\u306f{{\u57fa\u790e\u60c5\u5831|x={{y}}}}\u6771\u30a2\u30b8\u30a2\u306b\u3042\u308b\u3002-\u65e5\u672c\u56fd\u306f\u6771\u30a2\u30b8\u30a2\u306b\u3042\u308b\u3002]" time="0.001" /><testcase classname="tests.test_mediawiki_cleaner_v11" name="test_clean_mediawiki_cases[[[File:x|thumb|[[\u6771\u4eac\u5927\u5b66|\u6771\u5927]]\u306e[[\u6821\u820e]]]]\u6771\u5927\u306f\u5927\u5b66\u3067\u3042\u308b\u3002-\u6771\u5927\u306f\u5927\u5b66\u3067\u3042\u308b\u3002]" time="0.001" /><testcase classname="tests.test_mediawiki_cleaner_v11" name="test_clean_mediawiki_cases[&lt;ref&gt;{{cite|[[\u672c]]}}&lt;/ref&gt;\u77e5\u8b58\u306f\u691c\u8a3c\u3055\u308c\u308b\u3002-\u77e5\u8b58\u306f\u691c\u8a3c\u3055\u308c\u308b\u3002]" time="0.001" /><testcase classname="tests.test_mediawiki_cleaner_v11" name="test_long_japanese_paragraph_is_not_destroyed" time="0.004" /><testcase classname="tests.test_mediawiki_cleaner_v11" name="test_unmatched_markup_is_left_for_strict_quality_rejection" time="0.001" /><testcase classname="tests.test_mediawiki_cleaner_v11" name="test_strict_quality_rejects_every_residue_marker" time="0.001" /><testcase classname="tests.test_model" name="test_forward_shape_and_loss" time="0.003" /><testcase classname="tests.test_model" name="test_causal_mask_prevents_future_leakage" time="0.003" /><testcase classname="tests.test_model" name="test_kv_cache_matches_full_autoregressive_forward" time="0.004" /><testcase classname="tests.test_phase50_migration" name="test_copy_is_exclusive_and_preserves_source" time="0.015" /><testcase classname="tests.test_phase50_migration" name="test_migration_rejects_unsafe_records[../checkpoint.pt]" time="0.001" /><testcase classname="tests.test_phase50_migration" name="test_migration_rejects_unsafe_records[checkpoints/../other.pt]" time="0.001" /><testcase classname="tests.test_phase50_migration" name="test_migration_rejects_unsafe_records[other/checkpoint.pt]" time="0.001" /><testcase classname="tests.test_phase50_migration" name="test_migration_metadata_is_derived_from_registered_path" time="0.001" /><testcase classname="tests.test_standard_short" name="test_selected_standard_short_configuration_is_in_requested_range" time="0.619" /><testcase classname="tests.test_standard_short" name="test_architecture_and_token_context_matrix_results_are_complete" time="0.012" /><testcase classname="tests.test_standard_short" name="test_independent_blind_200_is_sealed_balanced_and_unique" time="0.005" /><testcase classname="tests.test_standard_short" name="test_short_curriculum_does_not_contain_blind_questions" time="0.063" /><testcase classname="tests.test_standard_short" name="test_short_phase_never_enables_production" time="0.001" /><testcase classname="tests.test_standard_short" name="test_failed_step_100_gate_stops_before_step_500" time="0.004" /><testcase classname="tests.test_streaming" name="test_chat_prompt_matches_training_format" time="0.001" /><testcase classname="tests.test_streaming" name="test_chat_stream_uses_loaded_model_and_keeps_chat_compatible" time="0.014" /><testcase classname="tests.test_tokenizer" name="test_japanese_round_trip_and_save_load" time="0.006" /><testcase classname="tests.test_tokenizer" name="test_special_tokens" time="0.001" /><testcase classname="tests.test_training" name="test_checkpoint_round_trip" time="0.011" /><testcase classname="tests.test_v02_dataset" name="test_template_family_split_policy" time="0.001" /><testcase classname="tests.test_v02_dataset" name="test_fixed_evaluation_prompts_are_complete" time="0.001" /><testcase classname="tests.test_v02_dataset" name="test_dataset_quality_detection" time="0.005" /><testcase classname="tests.test_v02_dataset" name="test_assistant_only_loss_mask" time="0.004" /><testcase classname="tests.test_v02_metrics" name="test_repetition_metric_detects_loop" time="0.001" /><testcase classname="tests.test_v02_metrics" name="test_japanese_character_ratio" time="0.003" /><testcase classname="tests.test_v02_metrics" name="test_checkpoint_comparison_markdown" time="0.001" /><testcase classname="tests.test_v02_metrics" name="test_balanced_prompt_selection" time="0.001" /><testcase classname="tests.test_v03" name="test_v03_assistant_mask_and_eos" time="0.005" /><testcase classname="tests.test_v03" name="test_v03_fixed_prompt_semantic_schema" time="0.001" /><testcase classname="tests.test_v03" name="test_semantic_keyword_and_category_metrics" time="0.003" /><testcase classname="tests.test_v03" name="test_broken_text_metric" time="0.001" /><testcase classname="tests.test_v03" name="test_human_evaluation_schema" time="0.002" /><testcase classname="tests.test_v03" name="test_curriculum_stage_transition" time="0.001" /><testcase classname="tests.test_v03" name="test_training_manifest_and_resume_state" time="0.064" /><testcase classname="tests.test_v04" name="test_clean_stage_c_validation" time="0.124" /><testcase classname="tests.test_v04" name="test_eos_coverage_and_ending_quality" time="0.085" /><testcase classname="tests.test_v04" name="test_v04_masking_and_eos_target" time="0.008" /><testcase classname="tests.test_v04" name="test_eos_weighted_loss_changes_eos_contribution" time="0.007" /><testcase classname="tests.test_v04" name="test_generation_stops_immediately_on_eos" time="0.001" /><testcase classname="tests.test_v04" name="test_too_short_ngram_and_broken_metrics" time="0.001" /><testcase classname="tests.test_v04" name="test_category_contamination_and_opening_distribution" time="0.002" /><testcase classname="tests.test_v04" name="test_human_evaluation_persistence_schema" time="0.001" /><testcase classname="tests.test_v04" name="test_v04_experiment_manifest_schema" time="0.001" /><testcase classname="tests.test_v06" name="test_v06_dataset_required_fields_and_no_pair_duplicates" time="0.016" /><testcase classname="tests.test_v06" name="test_v06_replay_has_no_specific_subject_names" time="0.004" /><testcase classname="tests.test_v06" name="test_v06_has_300_held_out_prompts_and_corrections" time="0.008" /><testcase classname="tests.test_v06" name="test_v06_rubric_flags_unstated_subject_and_policy_claim" time="0.003" /><testcase classname="tests.test_v06" name="test_local_bm25_prefers_matching_document" time="0.001" /><testcase classname="tests.test_v06" name="test_curriculum_reaches_accuracy_stage_by_step_500" time="0.002" /><testcase classname="tests.test_v07" name="test_v07_dataset_counts_and_required_knowledge_fields" time="0.064" /><testcase classname="tests.test_v07" name="test_v07_bm25_classifier_handles_required_examples" time="0.013" /><testcase classname="tests.test_v07" name="test_v07_fast_pipeline_selects_grounded_answer_without_fallback" time="0.032" /><testcase classname="tests.test_v07" name="test_v07_validator_rejects_invented_subject_and_policy" time="0.001" /><testcase classname="tests.test_v07" name="test_v07_prompt_contains_bounded_context" time="0.046" /><testcase classname="tests.test_v08" name="test_standard_architecture_is_separate_45m_candidate" time="0.455" /><testcase classname="tests.test_v08" name="test_standard_tokenizer_has_context_token_and_roundtrips" time="0.010" /><testcase classname="tests.test_v08" name="test_standard_dataset_counts_and_blind_separation" time="0.001" /><testcase classname="tests.test_v08" name="test_standard_prompt_reserves_answer_inside_context" time="0.419" /><testcase classname="tests.test_v08" name="test_standard_length_modes_and_validator" time="0.002" /><testcase classname="tests.test_v08" name="test_standard_human_form_is_unscored" time="0.007" /></testsuite></testsuites>